[ 2017-03-19T09:54:35+08:00 ] ::1 /thinkphp/Application/Home/Public/css/images/zbj.png
INFO: [ app_init ] --START--
INFO: Run Behavior\BuildLiteBehavior [ RunTime:0.000021s ]
INFO: [ app_init ] --END-- [ RunTime:0.000578s ]
ERR: 无法加载模块:Application

[ 2017-03-19T09:54:35+08:00 ] ::1 /thinkphp/Application/Home/Public/css/images/rbei.png
INFO: [ app_init ] --START--
INFO: Run Behavior\BuildLiteBehavior [ RunTime:0.000022s ]
INFO: [ app_init ] --END-- [ RunTime:0.000667s ]
ERR: 无法加载模块:Application

[ 2017-03-19T10:16:35+08:00 ] ::1 /thinkphp/Application/Home/Public/css/images/rbei.png
INFO: [ app_init ] --START--
INFO: Run Behavior\BuildLiteBehavior [ RunTime:0.000019s ]
INFO: [ app_init ] --END-- [ RunTime:0.000541s ]
ERR: 无法加载模块:Application

[ 2017-03-19T10:16:35+08:00 ] ::1 /thinkphp/Application/Home/Public/css/images/zbj.png
INFO: [ app_init ] --START--
INFO: Run Behavior\BuildLiteBehavior [ RunTime:0.000080s ]
INFO: [ app_init ] --END-- [ RunTime:0.000729s ]
ERR: 无法加载模块:Application

[ 2017-03-19T10:17:04+08:00 ] ::1 /thinkphp/Application/Home/Public/css/images/rbei.png
INFO: [ app_init ] --START--
INFO: Run Behavior\BuildLiteBehavior [ RunTime:0.000020s ]
INFO: [ app_init ] --END-- [ RunTime:0.000592s ]
ERR: 无法加载模块:Application

[ 2017-03-19T10:17:04+08:00 ] ::1 /thinkphp/Application/Home/Public/css/images/zbj.png
INFO: [ app_init ] --START--
INFO: Run Behavior\BuildLiteBehavior [ RunTime:0.000017s ]
INFO: [ app_init ] --END-- [ RunTime:0.000602s ]
ERR: 无法加载模块:Application

[ 2017-03-19T10:42:51+08:00 ] ::1 /thinkphp/Application/Home/Public/css/images/zbj.png
INFO: [ app_init ] --START--
INFO: Run Behavior\BuildLiteBehavior [ RunTime:0.000020s ]
INFO: [ app_init ] --END-- [ RunTime:0.000483s ]
ERR: 无法加载模块:Application

[ 2017-03-19T10:42:51+08:00 ] ::1 /thinkphp/Application/Home/Public/css/images/rbei.png
INFO: [ app_init ] --START--
INFO: Run Behavior\BuildLiteBehavior [ RunTime:0.000018s ]
INFO: [ app_init ] --END-- [ RunTime:0.000595s ]
ERR: 无法加载模块:Application

[ 2017-03-19T10:43:49+08:00 ] ::1 /thinkphp/Application/Home/Public/css/images/zbj.png
INFO: [ app_init ] --START--
INFO: Run Behavior\BuildLiteBehavior [ RunTime:0.000019s ]
INFO: [ app_init ] --END-- [ RunTime:0.000472s ]
ERR: 无法加载模块:Application

[ 2017-03-19T10:43:49+08:00 ] ::1 /thinkphp/Application/Home/Public/css/images/rbei.png
INFO: [ app_init ] --START--
INFO: Run Behavior\BuildLiteBehavior [ RunTime:0.000020s ]
INFO: [ app_init ] --END-- [ RunTime:0.000650s ]
ERR: 无法加载模块:Application

[ 2017-03-19T10:45:07+08:00 ] ::1 /thinkphp/Application/Home/Public/css/images/zbj.png
INFO: [ app_init ] --START--
INFO: Run Behavior\BuildLiteBehavior [ RunTime:0.000020s ]
INFO: [ app_init ] --END-- [ RunTime:0.000486s ]
ERR: 无法加载模块:Application

[ 2017-03-19T10:45:07+08:00 ] ::1 /thinkphp/Application/Home/Public/css/images/rbei.png
INFO: [ app_init ] --START--
INFO: Run Behavior\BuildLiteBehavior [ RunTime:0.000020s ]
INFO: [ app_init ] --END-- [ RunTime:0.000541s ]
ERR: 无法加载模块:Application

[ 2017-03-19T10:48:22+08:00 ] ::1 /thinkphp/Application/Home/Public/css/images/zbj.png
INFO: [ app_init ] --START--
INFO: Run Behavior\BuildLiteBehavior [ RunTime:0.000018s ]
INFO: [ app_init ] --END-- [ RunTime:0.000493s ]
ERR: 无法加载模块:Application

[ 2017-03-19T10:48:22+08:00 ] ::1 /thinkphp/Application/Home/Public/css/images/rbei.png
INFO: [ app_init ] --START--
INFO: Run Behavior\BuildLiteBehavior [ RunTime:0.000021s ]
INFO: [ app_init ] --END-- [ RunTime:0.000675s ]
ERR: 无法加载模块:Application

[ 2017-03-19T10:49:06+08:00 ] ::1 /thinkphp/Application/Home/Public/css/images/zbj.png
INFO: [ app_init ] --START--
INFO: Run Behavior\BuildLiteBehavior [ RunTime:0.000052s ]
INFO: [ app_init ] --END-- [ RunTime:0.001391s ]
ERR: 无法加载模块:Application

[ 2017-03-19T10:49:06+08:00 ] ::1 /thinkphp/Application/Home/Public/css/images/rbei.png
INFO: [ app_init ] --START--
INFO: Run Behavior\BuildLiteBehavior [ RunTime:0.000020s ]
INFO: [ app_init ] --END-- [ RunTime:0.001058s ]
ERR: 无法加载模块:Application

[ 2017-03-19T10:49:58+08:00 ] ::1 /thinkphp/Application/Home/Public/css/images/zbj.png
INFO: [ app_init ] --START--
INFO: Run Behavior\BuildLiteBehavior [ RunTime:0.000020s ]
INFO: [ app_init ] --END-- [ RunTime:0.000547s ]
ERR: 无法加载模块:Application

[ 2017-03-19T10:49:58+08:00 ] ::1 /thinkphp/Application/Home/Public/css/images/rbei.png
INFO: [ app_init ] --START--
INFO: Run Behavior\BuildLiteBehavior [ RunTime:0.000027s ]
INFO: [ app_init ] --END-- [ RunTime:0.001819s ]
ERR: 无法加载模块:Application

[ 2017-03-19T10:52:05+08:00 ] ::1 /thinkphp/Application/Home/Public/css/images/zbj.png
INFO: [ app_init ] --START--
INFO: Run Behavior\BuildLiteBehavior [ RunTime:0.000020s ]
INFO: [ app_init ] --END-- [ RunTime:0.000516s ]
ERR: 无法加载模块:Application

[ 2017-03-19T10:52:05+08:00 ] ::1 /thinkphp/Application/Home/Public/css/images/rbei.png
INFO: [ app_init ] --START--
INFO: Run Behavior\BuildLiteBehavior [ RunTime:0.000019s ]
INFO: [ app_init ] --END-- [ RunTime:0.000573s ]
ERR: 无法加载模块:Application

[ 2017-03-19T10:52:43+08:00 ] ::1 /thinkphp/Application/Home/Public/css/images/zbj.png
INFO: [ app_init ] --START--
INFO: Run Behavior\BuildLiteBehavior [ RunTime:0.000019s ]
INFO: [ app_init ] --END-- [ RunTime:0.000463s ]
ERR: 无法加载模块:Application

[ 2017-03-19T10:52:43+08:00 ] ::1 /thinkphp/Application/Home/Public/css/images/rbei.png
INFO: [ app_init ] --START--
INFO: Run Behavior\BuildLiteBehavior [ RunTime:0.000020s ]
INFO: [ app_init ] --END-- [ RunTime:0.000478s ]
ERR: 无法加载模块:Application

[ 2017-03-19T10:53:22+08:00 ] ::1 /thinkphp/Application/Home/Public/css/images/zbj.png
INFO: [ app_init ] --START--
INFO: Run Behavior\BuildLiteBehavior [ RunTime:0.000020s ]
INFO: [ app_init ] --END-- [ RunTime:0.000502s ]
ERR: 无法加载模块:Application

[ 2017-03-19T10:53:22+08:00 ] ::1 /thinkphp/Application/Home/Public/css/images/rbei.png
INFO: [ app_init ] --START--
INFO: Run Behavior\BuildLiteBehavior [ RunTime:0.000018s ]
INFO: [ app_init ] --END-- [ RunTime:0.000761s ]
ERR: 无法加载模块:Application

[ 2017-03-19T10:54:35+08:00 ] ::1 /thinkphp/Application/Home/Public/css/images/rbei.png
INFO: [ app_init ] --START--
INFO: Run Behavior\BuildLiteBehavior [ RunTime:0.000020s ]
INFO: [ app_init ] --END-- [ RunTime:0.000531s ]
ERR: 无法加载模块:Application

[ 2017-03-19T10:54:35+08:00 ] ::1 /thinkphp/Application/Home/Public/css/images/zbj.png
INFO: [ app_init ] --START--
INFO: Run Behavior\BuildLiteBehavior [ RunTime:0.000030s ]
INFO: [ app_init ] --END-- [ RunTime:0.000728s ]
ERR: 无法加载模块:Application

